#
# There is insufficient memory for the Java Runtime Environment to continue.
# Native memory allocation (malloc) failed to allocate 1048576 bytes. Error detail: AllocateHeap
# Possible reasons:
#   The system is out of physical RAM or swap space
#   This process is running with CompressedOops enabled, and the Java Heap may be blocking the growth of the native heap
# Possible solutions:
#   Reduce memory load on the system
#   Increase physical memory or swap space
#   Check if swap backing store is full
#   Decrease Java heap size (-Xmx/-Xms)
#   Decrease number of Java threads
#   Decrease Java thread stack sizes (-Xss)
#   Set larger code cache with -XX:ReservedCodeCacheSize=
#   JVM is running with Unscaled Compressed Oops mode in which the Java heap is
#     placed in the first 4GB address space. The Java Heap base address is the
#     maximum limit for the native heap growth. Please use -XX:HeapBaseMinAddress
#     to set the Java Heap base and to place the Java Heap above 4GB virtual address.
# This output file may be truncated or incomplete.
#
#  Out of Memory Error (allocation.cpp:44), pid=8376, tid=3896
#
# JRE version: OpenJDK Runtime Environment Temurin-21.0.10+7 (21.0.10+7) (build 21.0.10+7-LTS)
# Java VM: OpenJDK 64-Bit Server VM Temurin-21.0.10+7 (21.0.10+7-LTS, mixed mode, sharing, tiered, compressed oops, compressed class ptrs, parallel gc, windows-amd64)
# No core dump will be written. Minidumps are not enabled by default on client versions of Windows
#

---------------  S U M M A R Y ------------

Command Line: --add-modules=ALL-SYSTEM --add-opens=java.base/java.util=ALL-UNNAMED --add-opens=java.base/java.lang=ALL-UNNAMED --add-opens=java.base/sun.nio.fs=ALL-UNNAMED -Declipse.application=org.eclipse.jdt.ls.core.id1 -Dosgi.bundles.defaultStartLevel=4 -Declipse.product=org.eclipse.jdt.ls.core.product -Djava.import.generatesMetadataFilesAtProjectRoot=false -DDetectVMInstallationsJob.disabled=true -Dfile.encoding=utf8 -XX:+UseParallelGC -XX:GCTimeRatio=4 -XX:AdaptiveSizePolicyWeight=90 -Dsun.zip.disableMemoryMapping=true -Xmx2G -Xms100m -Xlog:disable -javaagent:c:\Users\KRISHNANSOURAV\.vscode\extensions\redhat.java-1.53.0-win32-x64\lombok\lombok-1.18.39-4050.jar -XX:+HeapDumpOnOutOfMemoryError -XX:HeapDumpPath=c:\Users\KRISHNANSOURAV\AppData\Roaming\Code\User\workspaceStorage\89b753384e85d9c2d79fc08adb9a8074\redhat.java -Daether.dependencyCollector.impl=bf c:\Users\KRISHNANSOURAV\.vscode\extensions\redhat.java-1.53.0-win32-x64\server\plugins\org.eclipse.equinox.launcher_1.7.100.v20251111-0406.jar -configuration c:\Users\KRISHNANSOURAV\AppData\Roaming\Code\User\globalStorage\redhat.java\1.53.0\config_win -data c:\Users\KRISHNANSOURAV\AppData\Roaming\Code\User\workspaceStorage\89b753384e85d9c2d79fc08adb9a8074\redhat.java\jdt_ws --pipe=\\.\pipe\lsp-e53aff1c18f62f57ea56841898dfc86d-sock

Host: 11th Gen Intel(R) Core(TM) i7-1165G7 @ 2.80GHz, 8 cores, 15G,  Windows 11 , 64 bit Build 22621 (10.0.22621.5415)
Time: Sat May 23 18:21:42 2026 India Standard Time elapsed time: 1531.985141 seconds (0d 0h 25m 31s)

---------------  T H R E A D  ---------------

Current thread (0x000001fbb863de20):  JavaThread "Attach Listener" daemon [_thread_in_vm, id=3896, stack(0x000000a51ad00000,0x000000a51ae00000) (1024K)]

Stack: [0x000000a51ad00000,0x000000a51ae00000]
Native frames: (J=compiled Java code, j=interpreted, Vv=VM code, C=native code)
V  [jvm.dll+0x6d7a39]
V  [jvm.dll+0x8b4b26]
V  [jvm.dll+0x8b70de]
V  [jvm.dll+0x8b77c3]
V  [jvm.dll+0x284346]
V  [jvm.dll+0xc1277]
V  [jvm.dll+0x6d82e9]
V  [jvm.dll+0x1334a6]
V  [jvm.dll+0x3f857e]
V  [jvm.dll+0x85f59d]
V  [jvm.dll+0x6d626d]
C  [ucrtbase.dll+0x29333]
C  [KERNEL32.DLL+0x1259d]
C  [ntdll.dll+0x5af78]


---------------  P R O C E S S  ---------------

Threads class SMR info:
_java_thread_list=0x000001fb80272100, length=39, elements={
0x000001fb9f9d5690, 0x000001fba1c7c910, 0x000001fba1c7d830, 0x000001fbb8638760,
0x000001fbb863de20, 0x000001fbb865ec80, 0x000001fbb865f6e0, 0x000001fbb863d280,
0x000001fbff055870, 0x000001fbff215470, 0x000001fbff32eca0, 0x000001fbff9b08b0,
0x000001fbff9a2ef0, 0x000001fb80010760, 0x000001fb80010dd0, 0x000001fb802dca10,
0x000001fb80090210, 0x000001fb8055e880, 0x000001fbff686ce0, 0x000001fbff689ad0,
0x000001fb82a12be0, 0x000001fb82a13270, 0x000001fb82a14cb0, 0x000001fb82a13f90,
0x000001fb82a10b10, 0x000001fb82a159d0, 0x000001fb82a111a0, 0x000001fb82a11830,
0x000001fb82a13900, 0x000001fb82a11ec0, 0x000001fb82a0fdf0, 0x000001fb82a14620,
0x000001fb839dbc00, 0x000001fb839dcfb0, 0x000001fb839dc290, 0x000001fb839de9f0,
0x000001fb87df68a0, 0x000001fb87df75c0, 0x000001fb87df9690
}

Java Threads: ( => current thread )
  0x000001fb9f9d5690 JavaThread "main"                              [_thread_blocked, id=11680, stack(0x000000a51a600000,0x000000a51a700000) (1024K)]
  0x000001fba1c7c910 JavaThread "Reference Handler"          daemon [_thread_blocked, id=12952, stack(0x000000a51aa00000,0x000000a51ab00000) (1024K)]
  0x000001fba1c7d830 JavaThread "Finalizer"                  daemon [_thread_blocked, id=15356, stack(0x000000a51ab00000,0x000000a51ac00000) (1024K)]
  0x000001fbb8638760 JavaThread "Signal Dispatcher"          daemon [_thread_blocked, id=10448, stack(0x000000a51ac00000,0x000000a51ad00000) (1024K)]
=>0x000001fbb863de20 JavaThread "Attach Listener"            daemon [_thread_in_vm, id=3896, stack(0x000000a51ad00000,0x000000a51ae00000) (1024K)]
  0x000001fbb865ec80 JavaThread "Service Thread"             daemon [_thread_blocked, id=2908, stack(0x000000a51ae00000,0x000000a51af00000) (1024K)]
  0x000001fbb865f6e0 JavaThread "Monitor Deflation Thread"   daemon [_thread_blocked, id=12188, stack(0x000000a51af00000,0x000000a51b000000) (1024K)]
  0x000001fbb863d280 JavaThread "C2 CompilerThread0"         daemon [_thread_blocked, id=18088, stack(0x000000a51b000000,0x000000a51b100000) (1024K)]
  0x000001fbff055870 JavaThread "C1 CompilerThread0"         daemon [_thread_blocked, id=10364, stack(0x000000a51b100000,0x000000a51b200000) (1024K)]
  0x000001fbff215470 JavaThread "Common-Cleaner"             daemon [_thread_blocked, id=8692, stack(0x000000a51b200000,0x000000a51b300000) (1024K)]
  0x000001fbff32eca0 JavaThread "Notification Thread"        daemon [_thread_blocked, id=7648, stack(0x000000a51b300000,0x000000a51b400000) (1024K)]
  0x000001fbff9b08b0 JavaThread "Active Thread: Equinox Container: cb083959-c22c-4b4e-9da1-ebbf3afeeca9"        [_thread_blocked, id=17300, stack(0x000000a51b400000,0x000000a51b500000) (1024K)]
  0x000001fbff9a2ef0 JavaThread "Refresh Thread: Equinox Container: cb083959-c22c-4b4e-9da1-ebbf3afeeca9" daemon [_thread_blocked, id=19428, stack(0x000000a51bc00000,0x000000a51bd00000) (1024K)]
  0x000001fb80010760 JavaThread "Framework Event Dispatcher: Equinox Container: cb083959-c22c-4b4e-9da1-ebbf3afeeca9" daemon [_thread_blocked, id=11452, stack(0x000000a51bd00000,0x000000a51be00000) (1024K)]
  0x000001fb80010dd0 JavaThread "Start Level: Equinox Container: cb083959-c22c-4b4e-9da1-ebbf3afeeca9" daemon [_thread_blocked, id=8864, stack(0x000000a51be00000,0x000000a51bf00000) (1024K)]
  0x000001fb802dca10 JavaThread "Bundle File Closer"         daemon [_thread_blocked, id=2276, stack(0x000000a51c000000,0x000000a51c100000) (1024K)]
  0x000001fb80090210 JavaThread "SCR Component Actor"        daemon [_thread_blocked, id=4160, stack(0x000000a51c100000,0x000000a51c200000) (1024K)]
  0x000001fb8055e880 JavaThread "Worker-JM"                         [_thread_blocked, id=17940, stack(0x000000a51c200000,0x000000a51c300000) (1024K)]
  0x000001fbff686ce0 JavaThread "Java indexing"              daemon [_thread_blocked, id=14144, stack(0x000000a51c800000,0x000000a51c900000) (1024K)]
  0x000001fbff689ad0 JavaThread "JNA Cleaner"                daemon [_thread_blocked, id=14284, stack(0x000000a51c500000,0x000000a51c600000) (1024K)]
  0x000001fb82a12be0 JavaThread "Thread-1"                   daemon [_thread_in_native, id=8656, stack(0x000000a51cc00000,0x000000a51cd00000) (1024K)]
  0x000001fb82a13270 JavaThread "Thread-2"                   daemon [_thread_in_native, id=17136, stack(0x000000a51cd00000,0x000000a51ce00000) (1024K)]
  0x000001fb82a14cb0 JavaThread "Thread-3"                   daemon [_thread_in_native, id=9072, stack(0x000000a51ce00000,0x000000a51cf00000) (1024K)]
  0x000001fb82a13f90 JavaThread "Thread-4"                   daemon [_thread_in_native, id=8988, stack(0x000000a51cf00000,0x000000a51d000000) (1024K)]
  0x000001fb82a10b10 JavaThread "Thread-5"                   daemon [_thread_in_native, id=12316, stack(0x000000a51d000000,0x000000a51d100000) (1024K)]
  0x000001fb82a159d0 JavaThread "Thread-6"                   daemon [_thread_in_native, id=14892, stack(0x000000a51d100000,0x000000a51d200000) (1024K)]
  0x000001fb82a111a0 JavaThread "Thread-7"                   daemon [_thread_in_native, id=14408, stack(0x000000a51d200000,0x000000a51d300000) (1024K)]
  0x000001fb82a11830 JavaThread "Thread-8"                   daemon [_thread_in_native, id=516, stack(0x000000a51d300000,0x000000a51d400000) (1024K)]
  0x000001fb82a13900 JavaThread "Thread-9"                   daemon [_thread_in_native, id=18776, stack(0x000000a51d400000,0x000000a51d500000) (1024K)]
  0x000001fb82a11ec0 JavaThread "pool-2-thread-1"                   [_thread_blocked, id=13004, stack(0x000000a51d500000,0x000000a51d600000) (1024K)]
  0x000001fb82a0fdf0 JavaThread "WorkspaceEventsHandler"            [_thread_blocked, id=13416, stack(0x000000a51d600000,0x000000a51d700000) (1024K)]
  0x000001fb82a14620 JavaThread "pool-1-thread-1"                   [_thread_blocked, id=8780, stack(0x000000a51d700000,0x000000a51d800000) (1024K)]
  0x000001fb839dbc00 JavaThread "ForkJoinPool.commonPool-worker-3" daemon [_thread_blocked, id=11120, stack(0x000000a51d900000,0x000000a51da00000) (1024K)]
  0x000001fb839dcfb0 JavaThread "ForkJoinPool.commonPool-worker-4" daemon [_thread_blocked, id=15744, stack(0x000000a51da00000,0x000000a51db00000) (1024K)]
  0x000001fb839dc290 JavaThread "ForkJoinPool.commonPool-worker-6" daemon [_thread_blocked, id=18344, stack(0x000000a51db00000,0x000000a51dc00000) (1024K)]
  0x000001fb839de9f0 JavaThread "Cleaner-0"                  daemon [_thread_blocked, id=5800, stack(0x000000a51c700000,0x000000a51c800000) (1024K)]
  0x000001fb87df68a0 JavaThread "Worker-10"                         [_thread_blocked, id=3300, stack(0x000000a51a400000,0x000000a51a500000) (1024K)]
  0x000001fb87df75c0 JavaThread "Worker-11"                         [_thread_blocked, id=4488, stack(0x000000a51bf00000,0x000000a51c000000) (1024K)]
  0x000001fb87df9690 JavaThread "ForkJoinPool.commonPool-worker-8" daemon [_thread_blocked, id=9816, stack(0x000000a51ca00000,0x000000a51cb00000) (1024K)]
Total: 39

Other Threads:
  0x000001fba1c5f9c0 VMThread "VM Thread"                           [id=12864, stack(0x000000a51a900000,0x000000a51aa00000) (1024K)]
  0x000001fba1c317e0 WatcherThread "VM Periodic Task Thread"        [id=20016, stack(0x000000a51a800000,0x000000a51a900000) (1024K)]
  0x000001fba1be2240 WorkerThread "GC Thread#0"                     [id=13704, stack(0x000000a51a700000,0x000000a51a800000) (1024K)]
  0x000001fbff906370 WorkerThread "GC Thread#1"                     [id=2328, stack(0x000000a51b500000,0x000000a51b600000) (1024K)]
  0x000001fbff6e8570 WorkerThread "GC Thread#2"                     [id=10572, stack(0x000000a51b600000,0x000000a51b700000) (1024K)]
  0x000001fbff6e8920 WorkerThread "GC Thread#3"                     [id=2780, stack(0x000000a51b700000,0x000000a51b800000) (1024K)]
  0x000001fbff90e970 WorkerThread "GC Thread#4"                     [id=292, stack(0x000000a51b800000,0x000000a51b900000) (1024K)]
  0x000001fbff90ed20 WorkerThread "GC Thread#5"                     [id=13708, stack(0x000000a51b900000,0x000000a51ba00000) (1024K)]
  0x000001fbff9f41c0 WorkerThread "GC Thread#6"                     [id=18064, stack(0x000000a51ba00000,0x000000a51bb00000) (1024K)]
  0x000001fb80061520 WorkerThread "GC Thread#7"                     [id=5740, stack(0x000000a51bb00000,0x000000a51bc00000) (1024K)]
Total: 10

Threads with active compile tasks:
Total: 0

VM state: not at safepoint (normal execution)

VM Mutex/Monitor currently owned by a thread: None

Heap address: 0x0000000080000000, size: 2048 MB, Compressed Oops mode: 32-bit

CDS archive(s) mapped at: [0x000001fbb9000000-0x000001fbb9ba0000-0x000001fbb9ba0000), size 12189696, SharedBaseAddress: 0x000001fbb9000000, ArchiveRelocationMode: 1.
Compressed class space mapped at: 0x000001fbba000000-0x000001fbfa000000, reserved size: 1073741824
Narrow klass base: 0x000001fbb9000000, Narrow klass shift: 0, Narrow klass range: 0x100000000

GC Precious Log:
 CardTable entry size: 512
 CPUs: 8 total, 8 available
 Memory: 16106M
 Large Page Support: Disabled
 NUMA Support: Disabled
 Compressed Oops: Enabled (32-bit)
 Alignments: Space 512K, Generation 512K, Heap 2M
 Heap Min Capacity: 100M
 Heap Initial Capacity: 100M
 Heap Max Capacity: 2G
 Pre-touch: Disabled
 Parallel Workers: 8

Heap:
 PSYoungGen      total 7168K, used 6472K [0x00000000d5580000, 0x00000000d5d80000, 0x0000000100000000)
  eden space 6144K, 90% used [0x00000000d5580000,0x00000000d5af49a8,0x00000000d5b80000)
  from space 1024K, 86% used [0x00000000d5b80000,0x00000000d5c5d808,0x00000000d5c80000)
  to   space 1024K, 0% used [0x00000000d5c80000,0x00000000d5c80000,0x00000000d5d80000)
 ParOldGen       total 677376K, used 677261K [0x0000000080000000, 0x00000000a9580000, 0x00000000d5580000)
  object space 677376K, 99% used [0x0000000080000000,0x00000000a95636d0,0x00000000a9580000)
 Metaspace       used 99286K, committed 101376K, reserved 1179648K
  class space    used 10090K, committed 11008K, reserved 1048576K

Card table byte_map: [0x000001fba1590000,0x000001fba19a0000] _byte_map_base: 0x000001fba1190000

Marking Bits: (ParMarkBitMap*) 0x00007ffec3aa3450
 Begin Bits: [0x000001fbb4070000, 0x000001fbb6070000)
 End Bits:   [0x000001fbb6070000, 0x000001fbb8070000)

Polling page: 0x000001fba1380000

Metaspace:

Usage:
  Non-class:     87.11 MB used.
      Class:      9.85 MB used.
       Both:     96.96 MB used.

Virtual space:
  Non-class space:      128.00 MB reserved,      88.25 MB ( 69%) committed,  2 nodes.
      Class space:        1.00 GB reserved,      10.75 MB (  1%) committed,  1 nodes.
             Both:        1.12 GB reserved,      99.00 MB (  9%) committed. 

Chunk freelists:
   Non-Class:  7.73 MB
       Class:  5.13 MB
        Both:  12.87 MB

MaxMetaspaceSize: unlimited
CompressedClassSpaceSize: 1.00 GB
Initial GC threshold: 21.00 MB
Current GC threshold: 161.69 MB
CDS: on
 - commit_granule_bytes: 65536.
 - commit_granule_words: 8192.
 - virtual_space_node_default_size: 8388608.
 - enlarge_chunks_in_place: 1.
 - use_allocation_guard: 0.


Internal statistics:

num_allocs_failed_limit: 9.
num_arena_births: 2076.
num_arena_deaths: 72.
num_vsnodes_births: 3.
num_vsnodes_deaths: 0.
num_space_committed: 1586.
num_space_uncommitted: 2.
num_chunks_returned_to_freelist: 133.
num_chunks_taken_from_freelist: 7049.
num_chunk_merges: 38.
num_chunk_splits: 4213.
num_chunks_enlarged: 2289.
num_inconsistent_stats: 0.

CodeHeap 'non-profiled nmethods': size=120000Kb used=22221Kb max_used=23731Kb free=97778Kb
 bounds [0x000001fbac890000, 0x000001fbadfc0000, 0x000001fbb3dc0000]
CodeHeap 'profiled nmethods': size=120000Kb used=45303Kb max_used=52881Kb free=74696Kb
 bounds [0x000001fba4dc0000, 0x000001fba8170000, 0x000001fbac2f0000]
CodeHeap 'non-nmethods': size=5760Kb used=1557Kb max_used=1632Kb free=4202Kb
 bounds [0x000001fbac2f0000, 0x000001fbac560000, 0x000001fbac890000]
CodeCache: size=245760Kb, used=69081Kb, max_used=78244Kb, free=176676Kb
 total_blobs=20013, nmethods=19140, adapters=772, full_count=0
Compilation: enabled, stopped_count=0, restarted_count=0

Compilation events (20 events):
Event: 1304.464 Thread 0x000001fbff055870 26736       3       org.eclipse.jdt.internal.corext.refactoring.util.ResourceUtil::getFiles (5 bytes)
Event: 1304.464 Thread 0x000001fbff055870 nmethod 26736 0x000001fba5709810 code [0x000001fba57099c0, 0x000001fba5709ad8]
Event: 1304.466 Thread 0x000001fbff055870 26738       3       org.eclipse.jdt.internal.core.manipulation.MembersOrderPreferenceCacheCommon::getCategoryOffsets (66 bytes)
Event: 1304.467 Thread 0x000001fbff055870 nmethod 26738 0x000001fba5ecaf10 code [0x000001fba5ecb140, 0x000001fba5ecb948]
Event: 1357.487 Thread 0x000001fbff055870 26739       3       jdk.xml.internal.XMLSecurityManager::getOldSystemProperty (65 bytes)
Event: 1357.488 Thread 0x000001fbff055870 nmethod 26739 0x000001fba5b8c590 code [0x000001fba5b8c7a0, 0x000001fba5b8cd78]
Event: 1357.488 Thread 0x000001fbff055870 26740       3       jdk.xml.internal.XMLSecurityManager$NameMap::values (10 bytes)
Event: 1357.488 Thread 0x000001fbff055870 nmethod 26740 0x000001fba57b8a10 code [0x000001fba57b8bc0, 0x000001fba57b8e68]
Event: 1357.488 Thread 0x000001fbff055870 26741       3       com.sun.org.apache.xml.internal.serializer.ToStream$CharacterBuffer::isAnyCharactersBuffered (18 bytes)
Event: 1357.488 Thread 0x000001fbff055870 nmethod 26741 0x000001fba59b3790 code [0x000001fba59b3940, 0x000001fba59b3b68]
Event: 1357.491 Thread 0x000001fbff055870 26742       3       java.io.StringWriter::<init> (24 bytes)
Event: 1357.492 Thread 0x000001fbff055870 nmethod 26742 0x000001fba5db3e10 code [0x000001fba5db3fe0, 0x000001fba5db42f8]
Event: 1357.494 Thread 0x000001fbb863d280 26743   !   4       java.io.ObjectOutputStream::writeObject (38 bytes)
Event: 1357.495 Thread 0x000001fbb863d280 nmethod 26743 0x000001fbad487d10 code [0x000001fbad487ec0, 0x000001fbad488008]
Event: 1357.495 Thread 0x000001fbff055870 26744       3       org.eclipse.core.internal.dtree.DataTreeWriter::writeNumber (47 bytes)
Event: 1357.496 Thread 0x000001fbff055870 nmethod 26744 0x000001fba5f26f10 code [0x000001fba5f27100, 0x000001fba5f27528]
Event: 1357.537 Thread 0x000001fbff055870 26745       3       org.eclipse.core.internal.localstore.SafeChunkyInputStream::compare (45 bytes)
Event: 1357.538 Thread 0x000001fbff055870 nmethod 26745 0x000001fba5b2c490 code [0x000001fba5b2c640, 0x000001fba5b2c8a8]
Event: 1357.538 Thread 0x000001fbff055870 26746       3       org.eclipse.core.internal.localstore.SafeChunkyInputStream::read (71 bytes)
Event: 1357.538 Thread 0x000001fbff055870 nmethod 26746 0x000001fba59bec90 code [0x000001fba59beea0, 0x000001fba59bf378]

GC Heap History (20 events):
Event: 1304.431 GC heap before
{Heap before GC invocations=3659 (full 6):
 PSYoungGen      total 6656K, used 6416K [0x00000000d5580000, 0x00000000d5d80000, 0x0000000100000000)
  eden space 5632K, 100% used [0x00000000d5580000,0x00000000d5b00000,0x00000000d5b00000)
  from space 1024K, 76% used [0x00000000d5b00000,0x00000000d5bc4080,0x00000000d5c00000)
  to   space 1024K, 0% used [0x00000000d5c80000,0x00000000d5c80000,0x00000000d5d80000)
 ParOldGen       total 670208K, used 670119K [0x0000000080000000, 0x00000000a8e80000, 0x00000000d5580000)
  object space 670208K, 99% used [0x0000000080000000,0x00000000a8e69e10,0x00000000a8e80000)
 Metaspace       used 99273K, committed 101312K, reserved 1179648K
  class space    used 10090K, committed 11008K, reserved 1048576K
}
Event: 1304.435 GC heap after
{Heap after GC invocations=3659 (full 6):
 PSYoungGen      total 7168K, used 800K [0x00000000d5580000, 0x00000000d5e80000, 0x0000000100000000)
  eden space 6144K, 0% used [0x00000000d5580000,0x00000000d5580000,0x00000000d5b80000)
  from space 1024K, 78% used [0x00000000d5c80000,0x00000000d5d48000,0x00000000d5d80000)
  to   space 1024K, 0% used [0x00000000d5b80000,0x00000000d5b80000,0x00000000d5c80000)
 ParOldGen       total 671232K, used 670783K [0x0000000080000000, 0x00000000a8f80000, 0x00000000d5580000)
  object space 671232K, 99% used [0x0000000080000000,0x00000000a8f0fe10,0x00000000a8f80000)
 Metaspace       used 99273K, committed 101312K, reserved 1179648K
  class space    used 10090K, committed 11008K, reserved 1048576K
}
Event: 1304.468 GC heap before
{Heap before GC invocations=3660 (full 6):
 PSYoungGen      total 7168K, used 6944K [0x00000000d5580000, 0x00000000d5e80000, 0x0000000100000000)
  eden space 6144K, 100% used [0x00000000d5580000,0x00000000d5b80000,0x00000000d5b80000)
  from space 1024K, 78% used [0x00000000d5c80000,0x00000000d5d48000,0x00000000d5d80000)
  to   space 1024K, 0% used [0x00000000d5b80000,0x00000000d5b80000,0x00000000d5c80000)
 ParOldGen       total 671232K, used 670783K [0x0000000080000000, 0x00000000a8f80000, 0x00000000d5580000)
  object space 671232K, 99% used [0x0000000080000000,0x00000000a8f0fe10,0x00000000a8f80000)
 Metaspace       used 99276K, committed 101312K, reserved 1179648K
  class space    used 10090K, committed 11008K, reserved 1048576K
}
Event: 1304.472 GC heap after
{Heap after GC invocations=3660 (full 6):
 PSYoungGen      total 7168K, used 780K [0x00000000d5580000, 0x00000000d5d80000, 0x0000000100000000)
  eden space 6144K, 0% used [0x00000000d5580000,0x00000000d5580000,0x00000000d5b80000)
  from space 1024K, 76% used [0x00000000d5b80000,0x00000000d5c43008,0x00000000d5c80000)
  to   space 1024K, 0% used [0x00000000d5c80000,0x00000000d5c80000,0x00000000d5d80000)
 ParOldGen       total 671744K, used 671439K [0x0000000080000000, 0x00000000a9000000, 0x00000000d5580000)
  object space 671744K, 99% used [0x0000000080000000,0x00000000a8fb3e10,0x00000000a9000000)
 Metaspace       used 99276K, committed 101312K, reserved 1179648K
  class space    used 10090K, committed 11008K, reserved 1048576K
}
Event: 1304.502 GC heap before
{Heap before GC invocations=3661 (full 6):
 PSYoungGen      total 7168K, used 6924K [0x00000000d5580000, 0x00000000d5d80000, 0x0000000100000000)
  eden space 6144K, 100% used [0x00000000d5580000,0x00000000d5b80000,0x00000000d5b80000)
  from space 1024K, 76% used [0x00000000d5b80000,0x00000000d5c43008,0x00000000d5c80000)
  to   space 1024K, 0% used [0x00000000d5c80000,0x00000000d5c80000,0x00000000d5d80000)
 ParOldGen       total 671744K, used 671439K [0x0000000080000000, 0x00000000a9000000, 0x00000000d5580000)
  object space 671744K, 99% used [0x0000000080000000,0x00000000a8fb3e10,0x00000000a9000000)
 Metaspace       used 99276K, committed 101312K, reserved 1179648K
  class space    used 10090K, committed 11008K, reserved 1048576K
}
Event: 1304.506 GC heap after
{Heap after GC invocations=3661 (full 6):
 PSYoungGen      total 7168K, used 864K [0x00000000d5580000, 0x00000000d5d80000, 0x0000000100000000)
  eden space 6144K, 0% used [0x00000000d5580000,0x00000000d5580000,0x00000000d5b80000)
  from space 1024K, 84% used [0x00000000d5c80000,0x00000000d5d58200,0x00000000d5d80000)
  to   space 1024K, 0% used [0x00000000d5b80000,0x00000000d5b80000,0x00000000d5c80000)
 ParOldGen       total 672256K, used 672107K [0x0000000080000000, 0x00000000a9080000, 0x00000000d5580000)
  object space 672256K, 99% used [0x0000000080000000,0x00000000a905ae18,0x00000000a9080000)
 Metaspace       used 99276K, committed 101312K, reserved 1179648K
  class space    used 10090K, committed 11008K, reserved 1048576K
}
Event: 1304.537 GC heap before
{Heap before GC invocations=3662 (full 6):
 PSYoungGen      total 7168K, used 7008K [0x00000000d5580000, 0x00000000d5d80000, 0x0000000100000000)
  eden space 6144K, 100% used [0x00000000d5580000,0x00000000d5b80000,0x00000000d5b80000)
  from space 1024K, 84% used [0x00000000d5c80000,0x00000000d5d58200,0x00000000d5d80000)
  to   space 1024K, 0% used [0x00000000d5b80000,0x00000000d5b80000,0x00000000d5c80000)
 ParOldGen       total 672256K, used 672107K [0x0000000080000000, 0x00000000a9080000, 0x00000000d5580000)
  object space 672256K, 99% used [0x0000000080000000,0x00000000a905ae18,0x00000000a9080000)
 Metaspace       used 99276K, committed 101312K, reserved 1179648K
  class space    used 10090K, committed 11008K, reserved 1048576K
}
Event: 1304.541 GC heap after
{Heap after GC invocations=3662 (full 6):
 PSYoungGen      total 7168K, used 768K [0x00000000d5580000, 0x00000000d5d80000, 0x0000000100000000)
  eden space 6144K, 0% used [0x00000000d5580000,0x00000000d5580000,0x00000000d5b80000)
  from space 1024K, 75% used [0x00000000d5b80000,0x00000000d5c40000,0x00000000d5c80000)
  to   space 1024K, 0% used [0x00000000d5c80000,0x00000000d5c80000,0x00000000d5d80000)
 ParOldGen       total 673280K, used 672803K [0x0000000080000000, 0x00000000a9180000, 0x00000000d5580000)
  object space 673280K, 99% used [0x0000000080000000,0x00000000a9108e28,0x00000000a9180000)
 Metaspace       used 99276K, committed 101312K, reserved 1179648K
  class space    used 10090K, committed 11008K, reserved 1048576K
}
Event: 1304.571 GC heap before
{Heap before GC invocations=3663 (full 6):
 PSYoungGen      total 7168K, used 6912K [0x00000000d5580000, 0x00000000d5d80000, 0x0000000100000000)
  eden space 6144K, 100% used [0x00000000d5580000,0x00000000d5b80000,0x00000000d5b80000)
  from space 1024K, 75% used [0x00000000d5b80000,0x00000000d5c40000,0x00000000d5c80000)
  to   space 1024K, 0% used [0x00000000d5c80000,0x00000000d5c80000,0x00000000d5d80000)
 ParOldGen       total 673280K, used 672803K [0x0000000080000000, 0x00000000a9180000, 0x00000000d5580000)
  object space 673280K, 99% used [0x0000000080000000,0x00000000a9108e28,0x00000000a9180000)
 Metaspace       used 99276K, committed 101312K, reserved 1179648K
  class space    used 10090K, committed 11008K, reserved 1048576K
}
Event: 1304.575 GC heap after
{Heap after GC invocations=3663 (full 6):
 PSYoungGen      total 7168K, used 944K [0x00000000d5580000, 0x00000000d5d80000, 0x0000000100000000)
  eden space 6144K, 0% used [0x00000000d5580000,0x00000000d5580000,0x00000000d5b80000)
  from space 1024K, 92% used [0x00000000d5c80000,0x00000000d5d6c240,0x00000000d5d80000)
  to   space 1024K, 0% used [0x00000000d5b80000,0x00000000d5b80000,0x00000000d5c80000)
 ParOldGen       total 673792K, used 673483K [0x0000000080000000, 0x00000000a9200000, 0x00000000d5580000)
  object space 673792K, 99% used [0x0000000080000000,0x00000000a91b2e28,0x00000000a9200000)
 Metaspace       used 99276K, committed 101312K, reserved 1179648K
  class space    used 10090K, committed 11008K, reserved 1048576K
}
Event: 1304.608 GC heap before
{Heap before GC invocations=3664 (full 6):
 PSYoungGen      total 7168K, used 7088K [0x00000000d5580000, 0x00000000d5d80000, 0x0000000100000000)
  eden space 6144K, 100% used [0x00000000d5580000,0x00000000d5b80000,0x00000000d5b80000)
  from space 1024K, 92% used [0x00000000d5c80000,0x00000000d5d6c240,0x00000000d5d80000)
  to   space 1024K, 0% used [0x00000000d5b80000,0x00000000d5b80000,0x00000000d5c80000)
 ParOldGen       total 673792K, used 673483K [0x0000000080000000, 0x00000000a9200000, 0x00000000d5580000)
  object space 673792K, 99% used [0x0000000080000000,0x00000000a91b2e28,0x00000000a9200000)
 Metaspace       used 99276K, committed 101312K, reserved 1179648K
  class space    used 10090K, committed 11008K, reserved 1048576K
}
Event: 1304.613 GC heap after
{Heap after GC invocations=3664 (full 6):
 PSYoungGen      total 7168K, used 832K [0x00000000d5580000, 0x00000000d5d80000, 0x0000000100000000)
  eden space 6144K, 0% used [0x00000000d5580000,0x00000000d5580000,0x00000000d5b80000)
  from space 1024K, 81% used [0x00000000d5b80000,0x00000000d5c50000,0x00000000d5c80000)
  to   space 1024K, 0% used [0x00000000d5c80000,0x00000000d5c80000,0x00000000d5d80000)
 ParOldGen       total 674304K, used 674259K [0x0000000080000000, 0x00000000a9280000, 0x00000000d5580000)
  object space 674304K, 99% used [0x0000000080000000,0x00000000a9274e28,0x00000000a9280000)
 Metaspace       used 99276K, committed 101312K, reserved 1179648K
  class space    used 10090K, committed 11008K, reserved 1048576K
}
Event: 1304.642 GC heap before
{Heap before GC invocations=3665 (full 6):
 PSYoungGen      total 7168K, used 6975K [0x00000000d5580000, 0x00000000d5d80000, 0x0000000100000000)
  eden space 6144K, 99% used [0x00000000d5580000,0x00000000d5b7fc28,0x00000000d5b80000)
  from space 1024K, 81% used [0x00000000d5b80000,0x00000000d5c50000,0x00000000d5c80000)
  to   space 1024K, 0% used [0x00000000d5c80000,0x00000000d5c80000,0x00000000d5d80000)
 ParOldGen       total 674304K, used 674259K [0x0000000080000000, 0x00000000a9280000, 0x00000000d5580000)
  object space 674304K, 99% used [0x0000000080000000,0x00000000a9274e28,0x00000000a9280000)
 Metaspace       used 99276K, committed 101312K, reserved 1179648K
  class space    used 10090K, committed 11008K, reserved 1048576K
}
Event: 1304.646 GC heap after
{Heap after GC invocations=3665 (full 6):
 PSYoungGen      total 7168K, used 794K [0x00000000d5580000, 0x00000000d5d80000, 0x0000000100000000)
  eden space 6144K, 0% used [0x00000000d5580000,0x00000000d5580000,0x00000000d5b80000)
  from space 1024K, 77% used [0x00000000d5c80000,0x00000000d5d469e0,0x00000000d5d80000)
  to   space 1024K, 0% used [0x00000000d5b80000,0x00000000d5b80000,0x00000000d5c80000)
 ParOldGen       total 675328K, used 674961K [0x0000000080000000, 0x00000000a9380000, 0x00000000d5580000)
  object space 675328K, 99% used [0x0000000080000000,0x00000000a9324438,0x00000000a9380000)
 Metaspace       used 99276K, committed 101312K, reserved 1179648K
  class space    used 10090K, committed 11008K, reserved 1048576K
}
Event: 1304.681 GC heap before
{Heap before GC invocations=3666 (full 6):
 PSYoungGen      total 7168K, used 6938K [0x00000000d5580000, 0x00000000d5d80000, 0x0000000100000000)
  eden space 6144K, 100% used [0x00000000d5580000,0x00000000d5b80000,0x00000000d5b80000)
  from space 1024K, 77% used [0x00000000d5c80000,0x00000000d5d469e0,0x00000000d5d80000)
  to   space 1024K, 0% used [0x00000000d5b80000,0x00000000d5b80000,0x00000000d5c80000)
 ParOldGen       total 675328K, used 674961K [0x0000000080000000, 0x00000000a9380000, 0x00000000d5580000)
  object space 675328K, 99% used [0x0000000080000000,0x00000000a9324438,0x00000000a9380000)
 Metaspace       used 99276K, committed 101312K, reserved 1179648K
  class space    used 10090K, committed 11008K, reserved 1048576K
}
Event: 1304.684 GC heap after
{Heap after GC invocations=3666 (full 6):
 PSYoungGen      total 7168K, used 1016K [0x00000000d5580000, 0x00000000d5e80000, 0x0000000100000000)
  eden space 6144K, 0% used [0x00000000d5580000,0x00000000d5580000,0x00000000d5b80000)
  from space 1024K, 99% used [0x00000000d5b80000,0x00000000d5c7e008,0x00000000d5c80000)
  to   space 1536K, 0% used [0x00000000d5d00000,0x00000000d5d00000,0x00000000d5e80000)
 ParOldGen       total 675840K, used 675633K [0x0000000080000000, 0x00000000a9400000, 0x00000000d5580000)
  object space 675840K, 99% used [0x0000000080000000,0x00000000a93cc438,0x00000000a9400000)
 Metaspace       used 99276K, committed 101312K, reserved 1179648K
  class space    used 10090K, committed 11008K, reserved 1048576K
}
Event: 1304.722 GC heap before
{Heap before GC invocations=3667 (full 6):
 PSYoungGen      total 7168K, used 7160K [0x00000000d5580000, 0x00000000d5e80000, 0x0000000100000000)
  eden space 6144K, 100% used [0x00000000d5580000,0x00000000d5b80000,0x00000000d5b80000)
  from space 1024K, 99% used [0x00000000d5b80000,0x00000000d5c7e008,0x00000000d5c80000)
  to   space 1536K, 0% used [0x00000000d5d00000,0x00000000d5d00000,0x00000000d5e80000)
 ParOldGen       total 675840K, used 675633K [0x0000000080000000, 0x00000000a9400000, 0x00000000d5580000)
  object space 675840K, 99% used [0x0000000080000000,0x00000000a93cc438,0x00000000a9400000)
 Metaspace       used 99276K, committed 101312K, reserved 1179648K
  class space    used 10090K, committed 11008K, reserved 1048576K
}
Event: 1304.726 GC heap after
{Heap after GC invocations=3667 (full 6):
 PSYoungGen      total 7168K, used 951K [0x00000000d5580000, 0x00000000d5e00000, 0x0000000100000000)
  eden space 6144K, 0% used [0x00000000d5580000,0x00000000d5580000,0x00000000d5b80000)
  from space 1024K, 92% used [0x00000000d5d00000,0x00000000d5dede98,0x00000000d5e00000)
  to   space 1024K, 0% used [0x00000000d5b80000,0x00000000d5b80000,0x00000000d5c80000)
 ParOldGen       total 676864K, used 676473K [0x0000000080000000, 0x00000000a9500000, 0x00000000d5580000)
  object space 676864K, 99% used [0x0000000080000000,0x00000000a949e440,0x00000000a9500000)
 Metaspace       used 99276K, committed 101312K, reserved 1179648K
  class space    used 10090K, committed 11008K, reserved 1048576K
}
Event: 1304.755 GC heap before
{Heap before GC invocations=3668 (full 6):
 PSYoungGen      total 7168K, used 7095K [0x00000000d5580000, 0x00000000d5e00000, 0x0000000100000000)
  eden space 6144K, 100% used [0x00000000d5580000,0x00000000d5b80000,0x00000000d5b80000)
  from space 1024K, 92% used [0x00000000d5d00000,0x00000000d5dede98,0x00000000d5e00000)
  to   space 1024K, 0% used [0x00000000d5b80000,0x00000000d5b80000,0x00000000d5c80000)
 ParOldGen       total 676864K, used 676473K [0x0000000080000000, 0x00000000a9500000, 0x00000000d5580000)
  object space 676864K, 99% used [0x0000000080000000,0x00000000a949e440,0x00000000a9500000)
 Metaspace       used 99276K, committed 101312K, reserved 1179648K
  class space    used 10090K, committed 11008K, reserved 1048576K
}
Event: 1304.758 GC heap after
{Heap after GC invocations=3668 (full 6):
 PSYoungGen      total 7168K, used 886K [0x00000000d5580000, 0x00000000d5d80000, 0x0000000100000000)
  eden space 6144K, 0% used [0x00000000d5580000,0x00000000d5580000,0x00000000d5b80000)
  from space 1024K, 86% used [0x00000000d5b80000,0x00000000d5c5d808,0x00000000d5c80000)
  to   space 1024K, 0% used [0x00000000d5c80000,0x00000000d5c80000,0x00000000d5d80000)
 ParOldGen       total 677376K, used 677261K [0x0000000080000000, 0x00000000a9580000, 0x00000000d5580000)
  object space 677376K, 99% used [0x0000000080000000,0x00000000a95636d0,0x00000000a9580000)
 Metaspace       used 99276K, committed 101312K, reserved 1179648K
  class space    used 10090K, committed 11008K, reserved 1048576K
}

Dll operation events (14 events):
Event: 0.038 Loaded shared library c:\Users\KRISHNANSOURAV\.vscode\extensions\redhat.java-1.53.0-win32-x64\jre\21.0.10-win32-x86_64\bin\java.dll
Event: 0.340 Loaded shared library c:\Users\KRISHNANSOURAV\.vscode\extensions\redhat.java-1.53.0-win32-x64\jre\21.0.10-win32-x86_64\bin\zip.dll
Event: 0.440 Loaded shared library C:\Users\KRISHNANSOURAV\.vscode\extensions\redhat.java-1.53.0-win32-x64\jre\21.0.10-win32-x86_64\bin\instrument.dll
Event: 0.461 Loaded shared library C:\Users\KRISHNANSOURAV\.vscode\extensions\redhat.java-1.53.0-win32-x64\jre\21.0.10-win32-x86_64\bin\net.dll
Event: 0.465 Loaded shared library C:\Users\KRISHNANSOURAV\.vscode\extensions\redhat.java-1.53.0-win32-x64\jre\21.0.10-win32-x86_64\bin\nio.dll
Event: 0.476 Loaded shared library C:\Users\KRISHNANSOURAV\.vscode\extensions\redhat.java-1.53.0-win32-x64\jre\21.0.10-win32-x86_64\bin\zip.dll
Event: 0.549 Loaded shared library C:\Users\KRISHNANSOURAV\.vscode\extensions\redhat.java-1.53.0-win32-x64\jre\21.0.10-win32-x86_64\bin\jimage.dll
Event: 0.883 Loaded shared library c:\Users\KRISHNANSOURAV\.vscode\extensions\redhat.java-1.53.0-win32-x64\jre\21.0.10-win32-x86_64\bin\verify.dll
Event: 4.745 Loaded shared library C:\Users\KRISHNANSOURAV\AppData\Roaming\Code\User\globalStorage\redhat.java\1.53.0\config_win\org.eclipse.equinox.launcher\org.eclipse.equinox.launcher.win32.win32.x86_64_1.3.0.v20260203-2149\eclipse_11919.dll
Event: 7.715 Loaded shared library C:\Users\KRISHNANSOURAV\.vscode\extensions\redhat.java-1.53.0-win32-x64\jre\21.0.10-win32-x86_64\bin\management.dll
Event: 7.725 Loaded shared library C:\Users\KRISHNANSOURAV\.vscode\extensions\redhat.java-1.53.0-win32-x64\jre\21.0.10-win32-x86_64\bin\management_ext.dll
Event: 17.559 Loaded shared library D:\Temp\jna--71846670\jna11246326945845150974.dll
Event: 19.102 Loaded shared library C:\Users\KRISHNANSOURAV\.vscode\extensions\redhat.java-1.53.0-win32-x64\jre\21.0.10-win32-x86_64\bin\sunmscapi.dll
Event: 19.469 Loaded shared library C:\Users\KRISHNANSOURAV\.vscode\extensions\redhat.java-1.53.0-win32-x64\jre\21.0.10-win32-x86_64\bin\extnet.dll

Deoptimization events (20 events):
Event: 1357.495 Thread 0x000001fb87df75c0 Uncommon trap: trap_request=0xffffffc6 fr.pc=0x000001fbacee2bd4 relative=0x0000000000001b74
Event: 1357.495 Thread 0x000001fb87df75c0 Uncommon trap: reason=bimorphic_or_optimized_type_check action=maybe_recompile pc=0x000001fbacee2bd4 method=org.eclipse.core.internal.dtree.AbstractDataTreeNode.assembleWith([Lorg/eclipse/core/internal/dtree/AbstractDataTreeNode;[Lorg/eclipse/core/interna
Event: 1357.495 Thread 0x000001fb87df75c0 DEOPT PACKING pc=0x000001fbacee2bd4 sp=0x000000a51bffef90
Event: 1357.495 Thread 0x000001fb87df75c0 DEOPT UNPACKING pc=0x000001fbac346da2 sp=0x000000a51bffef60 mode 2
Event: 1357.495 Thread 0x000001fb87df75c0 Uncommon trap: trap_request=0xffffffc6 fr.pc=0x000001fbacee2bd4 relative=0x0000000000001b74
Event: 1357.495 Thread 0x000001fb87df75c0 Uncommon trap: reason=bimorphic_or_optimized_type_check action=maybe_recompile pc=0x000001fbacee2bd4 method=org.eclipse.core.internal.dtree.AbstractDataTreeNode.assembleWith([Lorg/eclipse/core/internal/dtree/AbstractDataTreeNode;[Lorg/eclipse/core/interna
Event: 1357.495 Thread 0x000001fb87df75c0 DEOPT PACKING pc=0x000001fbacee2bd4 sp=0x000000a51bffea50
Event: 1357.495 Thread 0x000001fb87df75c0 DEOPT UNPACKING pc=0x000001fbac346da2 sp=0x000000a51bffea20 mode 2
Event: 1357.537 Thread 0x000001fb87df75c0 Uncommon trap: trap_request=0xffffffde fr.pc=0x000001fbad5a9f08 relative=0x00000000000005a8
Event: 1357.537 Thread 0x000001fb87df75c0 Uncommon trap: reason=class_check action=maybe_recompile pc=0x000001fbad5a9f08 method=java.io.InputStream.read([BII)I @ 15 c2
Event: 1357.537 Thread 0x000001fb87df75c0 DEOPT PACKING pc=0x000001fbad5a9f08 sp=0x000000a51bfff080
Event: 1357.537 Thread 0x000001fb87df75c0 DEOPT UNPACKING pc=0x000001fbac346da2 sp=0x000000a51bfff018 mode 2
Event: 1357.537 Thread 0x000001fb87df75c0 Uncommon trap: trap_request=0xffffffc6 fr.pc=0x000001fbacef4db0 relative=0x00000000000052d0
Event: 1357.537 Thread 0x000001fb87df75c0 Uncommon trap: reason=bimorphic_or_optimized_type_check action=maybe_recompile pc=0x000001fbacef4db0 method=java.util.Properties.load0(Ljava/util/Properties$LineReader;)V @ 241 c2
Event: 1357.537 Thread 0x000001fb87df75c0 DEOPT PACKING pc=0x000001fbacef4db0 sp=0x000000a51bfff1d0
Event: 1357.537 Thread 0x000001fb87df75c0 DEOPT UNPACKING pc=0x000001fbac346da2 sp=0x000000a51bfff200 mode 2
Event: 1357.538 Thread 0x000001fb87df75c0 Uncommon trap: trap_request=0xffffffde fr.pc=0x000001fbad5a9f08 relative=0x00000000000005a8
Event: 1357.538 Thread 0x000001fb87df75c0 Uncommon trap: reason=class_check action=maybe_recompile pc=0x000001fbad5a9f08 method=java.io.InputStream.read([BII)I @ 15 c2
Event: 1357.538 Thread 0x000001fb87df75c0 DEOPT PACKING pc=0x000001fbad5a9f08 sp=0x000000a51bfff0f0
Event: 1357.538 Thread 0x000001fb87df75c0 DEOPT UNPACKING pc=0x000001fbac346da2 sp=0x000000a51bfff088 mode 2

Classes loaded (20 events):
Event: 1186.238 Loading class java/io/ObjectStreamClass$RecordSupport
Event: 1186.239 Loading class java/io/ObjectStreamClass$RecordSupport done
Event: 1186.240 Loading class java/io/ObjectStreamClass$DeserializationConstructorsCache$Key$Lookup
Event: 1186.240 Loading class java/io/ObjectStreamClass$DeserializationConstructorsCache$Key
Event: 1186.240 Loading class java/io/ObjectStreamClass$DeserializationConstructorsCache$Key done
Event: 1186.240 Loading class java/io/ObjectStreamClass$DeserializationConstructorsCache$Key$Lookup done
Event: 1186.242 Loading class java/lang/invoke/BoundMethodHandle$Species_LIL
Event: 1186.242 Loading class java/lang/invoke/BoundMethodHandle$Species_LIL done
Event: 1186.245 Loading class java/io/ObjectStreamClass$DeserializationConstructorsCache$Key$Impl
Event: 1186.245 Loading class java/io/ObjectStreamClass$DeserializationConstructorsCache$Key$Impl done
Event: 1187.440 Loading class javax/xml/transform/TransformerConfigurationException
Event: 1187.440 Loading class javax/xml/transform/TransformerConfigurationException done
Event: 1219.294 Loading class java/util/regex/Pattern$Behind
Event: 1219.294 Loading class java/util/regex/Pattern$Behind done
Event: 1219.295 Loading class java/util/regex/Pattern$Neg
Event: 1219.295 Loading class java/util/regex/Pattern$Neg done
Event: 1220.122 Loading class jdk/internal/icu/text/NormalizerBase$NFCModeImpl
Event: 1220.122 Loading class jdk/internal/icu/text/NormalizerBase$NFCModeImpl done
Event: 1220.122 Loading class jdk/internal/icu/impl/Norm2AllModes$NFCSingleton
Event: 1220.123 Loading class jdk/internal/icu/impl/Norm2AllModes$NFCSingleton done

Classes unloaded (20 events):
Event: 1187.017 Thread 0x000001fba1c5f9c0 Unloading class 0x000001fbba7d36f8 'org/apache/maven/shared/filtering/MavenReaderFilterRequest'
Event: 1187.017 Thread 0x000001fba1c5f9c0 Unloading class 0x000001fbba7d33e0 'org/apache/maven/shared/filtering/MavenFileFilterRequest'
Event: 1187.017 Thread 0x000001fba1c5f9c0 Unloading class 0x000001fbba7d31e0 'org/codehaus/plexus/interpolation/Interpolator'
Event: 1187.017 Thread 0x000001fba1c5f9c0 Unloading class 0x000001fbba7d2fe0 'org/codehaus/plexus/interpolation/BasicInterpolator'
Event: 1187.017 Thread 0x000001fba1c5f9c0 Unloading class 0x000001fbba7d2de0 'org/codehaus/plexus/interpolation/ValueSource'
Event: 1187.017 Thread 0x000001fba1c5f9c0 Unloading class 0x000001fbba7d2a18 'org/apache/maven/shared/filtering/MavenResourcesExecution'
Event: 1187.017 Thread 0x000001fba1c5f9c0 Unloading class 0x000001fbba7d2740 'org/apache/maven/shared/filtering/AbstractMavenFilteringRequest'
Event: 1187.017 Thread 0x000001fba1c5f9c0 Unloading class 0x000001fbba7d24e0 'org/apache/maven/shared/filtering/MavenFilteringException'
Event: 1187.017 Thread 0x000001fba1c5f9c0 Unloading class 0x000001fbba7d2290 'org/apache/maven/shared/filtering/DefaultMavenResourcesFiltering'
Event: 1187.017 Thread 0x000001fba1c5f9c0 Unloading class 0x000001fbba7d1e00 'org/apache/maven/shared/filtering/MavenResourcesFiltering'
Event: 1187.017 Thread 0x000001fba1c5f9c0 Unloading class 0x000001fbba7d2000 'org/apache/maven/shared/filtering/DefaultMavenReaderFilter'
Event: 1187.017 Thread 0x000001fba1c5f9c0 Unloading class 0x000001fbba7d1c00 'org/apache/maven/shared/filtering/MavenReaderFilter'
Event: 1187.017 Thread 0x000001fba1c5f9c0 Unloading class 0x000001fbba7d1960 'org/apache/maven/shared/filtering/DefaultMavenFileFilter'
Event: 1187.017 Thread 0x000001fba1c5f9c0 Unloading class 0x000001fbba7d1710 'org/apache/maven/shared/filtering/BaseFilter'
Event: 1187.017 Thread 0x000001fba1c5f9c0 Unloading class 0x000001fbba7d1510 'org/apache/maven/shared/filtering/MavenFileFilter'
Event: 1187.017 Thread 0x000001fba1c5f9c0 Unloading class 0x000001fbba7d1310 'org/apache/maven/shared/filtering/DefaultFilterInfo'
Event: 1187.017 Thread 0x000001fba1c5f9c0 Unloading class 0x000001fbba7d1000 'org/apache/maven/plugins/resources/TestResourcesMojo'
Event: 1187.017 Thread 0x000001fba1c5f9c0 Unloading class 0x000001fbba7d0400 'org/apache/maven/plugins/maven_resources_plugin/HelpMojo'
Event: 1187.017 Thread 0x000001fba1c5f9c0 Unloading class 0x000001fbba7d0b10 'org/apache/maven/plugins/resources/CopyResourcesMojo'
Event: 1187.017 Thread 0x000001fba1c5f9c0 Unloading class 0x000001fbba7d0800 'org/apache/maven/plugins/resources/ResourcesMojo'

Classes redefined (0 events):
No events

Internal exceptions (20 events):
Event: 1304.687 Thread 0x000001fbff686ce0 Exception <a 'java/io/IOException'{0x00000000d5596f70}> (0x00000000d5596f70) 
thrown [s\src\hotspot\share\prims\jni.cpp, line 520]
Event: 1304.691 Thread 0x000001fb87df5b80 Exception <a 'java/io/IOException'{0x00000000d55cd3e0}> (0x00000000d55cd3e0) 
thrown [s\src\hotspot\share\prims\jni.cpp, line 520]
Event: 1304.783 Thread 0x000001fbff686ce0 Exception <a 'java/io/IOException'{0x00000000d5925508}> (0x00000000d5925508) 
thrown [s\src\hotspot\share\prims\jni.cpp, line 520]
Event: 1304.783 Thread 0x000001fbff686ce0 Exception <a 'java/io/IOException'{0x00000000d5925830}> (0x00000000d5925830) 
thrown [s\src\hotspot\share\prims\jni.cpp, line 520]
Event: 1304.785 Thread 0x000001fbff686ce0 Exception <a 'java/io/IOException'{0x00000000d5931710}> (0x00000000d5931710) 
thrown [s\src\hotspot\share\prims\jni.cpp, line 520]
Event: 1304.787 Thread 0x000001fb87df75c0 Exception <a 'java/io/IOException'{0x00000000d597a6a0}> (0x00000000d597a6a0) 
thrown [s\src\hotspot\share\prims\jni.cpp, line 520]
Event: 1357.490 Thread 0x000001fb87df75c0 Exception <a 'java/io/IOException'{0x00000000d59dbd88}> (0x00000000d59dbd88) 
thrown [s\src\hotspot\share\prims\jni.cpp, line 520]
Event: 1357.490 Thread 0x000001fb87df75c0 Exception <a 'java/io/IOException'{0x00000000d59dc0b0}> (0x00000000d59dc0b0) 
thrown [s\src\hotspot\share\prims\jni.cpp, line 520]
Event: 1357.490 Thread 0x000001fb87df75c0 Exception <a 'java/io/IOException'{0x00000000d59dc3d8}> (0x00000000d59dc3d8) 
thrown [s\src\hotspot\share\prims\jni.cpp, line 520]
Event: 1357.492 Thread 0x000001fb87df75c0 Exception <a 'java/io/IOException'{0x00000000d5a0c700}> (0x00000000d5a0c700) 
thrown [s\src\hotspot\share\prims\jni.cpp, line 520]
Event: 1357.494 Thread 0x000001fb87df75c0 Exception <a 'java/io/IOException'{0x00000000d5a68970}> (0x00000000d5a68970) 
thrown [s\src\hotspot\share\prims\jni.cpp, line 520]
Event: 1357.494 Thread 0x000001fb87df75c0 Exception <a 'java/io/IOException'{0x00000000d5a6aa80}> (0x00000000d5a6aa80) 
thrown [s\src\hotspot\share\prims\jni.cpp, line 520]
Event: 1357.494 Thread 0x000001fb87df75c0 Exception <a 'java/io/IOException'{0x00000000d5a6b5a0}> (0x00000000d5a6b5a0) 
thrown [s\src\hotspot\share\prims\jni.cpp, line 520]
Event: 1357.494 Thread 0x000001fb87df75c0 Exception <a 'java/io/IOException'{0x00000000d5a6bb38}> (0x00000000d5a6bb38) 
thrown [s\src\hotspot\share\prims\jni.cpp, line 520]
Event: 1357.494 Thread 0x000001fb87df75c0 Exception <a 'java/io/IOException'{0x00000000d5a6be60}> (0x00000000d5a6be60) 
thrown [s\src\hotspot\share\prims\jni.cpp, line 520]
Event: 1357.496 Thread 0x000001fb87df75c0 Exception <a 'java/io/IOException'{0x00000000d5a82fa8}> (0x00000000d5a82fa8) 
thrown [s\src\hotspot\share\prims\jni.cpp, line 520]
Event: 1357.497 Thread 0x000001fb87df75c0 Exception <a 'java/io/IOException'{0x00000000d5a86270}> (0x00000000d5a86270) 
thrown [s\src\hotspot\share\prims\jni.cpp, line 520]
Event: 1357.497 Thread 0x000001fb87df75c0 Exception <a 'java/io/IOException'{0x00000000d5a86598}> (0x00000000d5a86598) 
thrown [s\src\hotspot\share\prims\jni.cpp, line 520]
Event: 1357.497 Thread 0x000001fb87df75c0 Exception <a 'java/io/IOException'{0x00000000d5a86b00}> (0x00000000d5a86b00) 
thrown [s\src\hotspot\share\prims\jni.cpp, line 520]
Event: 1357.539 Thread 0x000001fb87df75c0 Exception <a 'java/io/IOException'{0x00000000d5a9e588}> (0x00000000d5a9e588) 
thrown [s\src\hotspot\share\prims\jni.cpp, line 520]

ZGC Phase Switch (0 events):
No events

VM Operations (20 events):
Event: 1304.608 Executing safepoint VM operation: ParallelGCFailedAllocation (Allocation Failure)
Event: 1304.613 Executing safepoint VM operation: ParallelGCFailedAllocation (Allocation Failure) done
Event: 1304.642 Executing safepoint VM operation: ParallelGCFailedAllocation (Allocation Failure)
Event: 1304.646 Executing safepoint VM operation: ParallelGCFailedAllocation (Allocation Failure) done
Event: 1304.681 Executing safepoint VM operation: ParallelGCFailedAllocation (Allocation Failure)
Event: 1304.684 Executing safepoint VM operation: ParallelGCFailedAllocation (Allocation Failure) done
Event: 1304.722 Executing safepoint VM operation: ParallelGCFailedAllocation (Allocation Failure)
Event: 1304.726 Executing safepoint VM operation: ParallelGCFailedAllocation (Allocation Failure) done
Event: 1304.755 Executing safepoint VM operation: ParallelGCFailedAllocation (Allocation Failure)
Event: 1304.758 Executing safepoint VM operation: ParallelGCFailedAllocation (Allocation Failure) done
Event: 1322.354 Executing non-safepoint VM operation: HandshakeAllThreads (HandshakeForDeflation)
Event: 1322.354 Executing non-safepoint VM operation: HandshakeAllThreads (HandshakeForDeflation) done
Event: 1322.354 Executing non-safepoint VM operation: RendezvousGCThreads
Event: 1322.354 Executing non-safepoint VM operation: RendezvousGCThreads done
Event: 1358.369 Executing safepoint VM operation: Cleanup
Event: 1358.369 Executing safepoint VM operation: Cleanup done
Event: 1382.425 Executing non-safepoint VM operation: HandshakeAllThreads (HandshakeForDeflation)
Event: 1382.425 Executing non-safepoint VM operation: HandshakeAllThreads (HandshakeForDeflation) done
Event: 1382.425 Executing non-safepoint VM operation: RendezvousGCThreads
Event: 1382.425 Executing non-safepoint VM operation: RendezvousGCThreads done

Memory protections (0 events):
No events

Nmethod flushes (20 events):
Event: 1187.103 Thread 0x000001fba1c5f9c0 flushing  nmethod 0x000001fba7d6f090
Event: 1187.103 Thread 0x000001fba1c5f9c0 flushing  nmethod 0x000001fba7d75190
Event: 1187.103 Thread 0x000001fba1c5f9c0 flushing  nmethod 0x000001fba7dc6390
Event: 1187.103 Thread 0x000001fba1c5f9c0 flushing  nmethod 0x000001fba7df8c90
Event: 1187.103 Thread 0x000001fba1c5f9c0 flushing  nmethod 0x000001fba7e04590
Event: 1187.103 Thread 0x000001fba1c5f9c0 flushing  nmethod 0x000001fba7e12310
Event: 1187.103 Thread 0x000001fba1c5f9c0 flushing  nmethod 0x000001fba7e41590
Event: 1187.103 Thread 0x000001fba1c5f9c0 flushing  nmethod 0x000001fba7e6cf10
Event: 1187.103 Thread 0x000001fba1c5f9c0 flushing  nmethod 0x000001fba7e73610
Event: 1187.103 Thread 0x000001fba1c5f9c0 flushing  nmethod 0x000001fba7ea0d90
Event: 1187.103 Thread 0x000001fba1c5f9c0 flushing  nmethod 0x000001fba7f0b090
Event: 1187.103 Thread 0x000001fba1c5f9c0 flushing  nmethod 0x000001fba7f42890
Event: 1187.103 Thread 0x000001fba1c5f9c0 flushing  nmethod 0x000001fba7f5d890
Event: 1187.103 Thread 0x000001fba1c5f9c0 flushing  nmethod 0x000001fba7f64910
Event: 1187.103 Thread 0x000001fba1c5f9c0 flushing  nmethod 0x000001fba7f6fa90
Event: 1187.103 Thread 0x000001fba1c5f9c0 flushing  nmethod 0x000001fba7f76c90
Event: 1187.103 Thread 0x000001fba1c5f9c0 flushing  nmethod 0x000001fba7f82d10
Event: 1187.103 Thread 0x000001fba1c5f9c0 flushing  nmethod 0x000001fba801b090
Event: 1187.103 Thread 0x000001fba1c5f9c0 flushing  nmethod 0x000001fba801d390
Event: 1187.103 Thread 0x000001fba1c5f9c0 flushing  nmethod 0x000001fba805be90

Events (20 events):
Event: 1219.280 Thread 0x000001fbff055870 Thread added: 0x000001fb88c95010
Event: 1219.934 Thread 0x000001fb88c95010 Thread exited: 0x000001fb88c95010
Event: 1220.142 Thread 0x000001fbff055870 Thread added: 0x000001fb88c93ba0
Event: 1221.522 Thread 0x000001fb88c93ba0 Thread exited: 0x000001fb88c93ba0
Event: 1221.574 Thread 0x000001fbff055870 Thread added: 0x000001fb88c93ba0
Event: 1222.533 Thread 0x000001fb88c93ba0 Thread exited: 0x000001fb88c93ba0
Event: 1269.964 Thread 0x000001fbb863d280 Thread added: 0x000001fb88c99430
Event: 1270.907 Thread 0x000001fb88c99430 Thread exited: 0x000001fb88c99430
Event: 1272.263 Thread 0x000001fbff055870 Thread added: 0x000001fb88c98690
Event: 1272.900 Thread 0x000001fb88c98690 Thread exited: 0x000001fb88c98690
Event: 1357.435 Thread 0x000001fbff687370 Thread exited: 0x000001fbff687370
Event: 1357.436 Thread 0x000001fb839df080 Thread exited: 0x000001fb839df080
Event: 1357.436 Thread 0x000001fb87df9000 Thread exited: 0x000001fb87df9000
Event: 1357.489 Thread 0x000001fb87df75c0 Thread added: 0x000001fb839da1c0
Event: 1357.489 Thread 0x000001fb839da1c0 Thread exited: 0x000001fb839da1c0
Event: 1364.791 Thread 0x000001fb839db570 Thread exited: 0x000001fb839db570
Event: 1417.502 Thread 0x000001fb87df6f30 Thread exited: 0x000001fb87df6f30
Event: 1417.645 Thread 0x000001fb87df5b80 Thread exited: 0x000001fb87df5b80
Event: 1424.803 Thread 0x000001fb839e0ac0 Thread exited: 0x000001fb839e0ac0
Event: 1484.811 Thread 0x000001fb839dc920 Thread exited: 0x000001fb839dc920


Dynamic libraries:
0x00007ff7bd140000 - 0x00007ff7bd14e000 	c:\Users\KRISHNANSOURAV\.vscode\extensions\redhat.java-1.53.0-win32-x64\jre\21.0.10-win32-x86_64\bin\java.exe
0x00007fff22310000 - 0x00007fff22528000 	C:\WINDOWS\SYSTEM32\ntdll.dll
0x00007fff21e00000 - 0x00007fff21ec4000 	C:\WINDOWS\System32\KERNEL32.DLL
0x00007fff1f7a0000 - 0x00007fff1fb73000 	C:\WINDOWS\System32\KERNELBASE.dll
0x00007fff1fd70000 - 0x00007fff1fe81000 	C:\WINDOWS\System32\ucrtbase.dll
0x00007fff03870000 - 0x00007fff03888000 	c:\Users\KRISHNANSOURAV\.vscode\extensions\redhat.java-1.53.0-win32-x64\jre\21.0.10-win32-x86_64\bin\jli.dll
0x00007fff21ed0000 - 0x00007fff22082000 	C:\WINDOWS\System32\USER32.dll
0x00007fff1fb80000 - 0x00007fff1fba6000 	C:\WINDOWS\System32\win32u.dll
0x00007fff21830000 - 0x00007fff21859000 	C:\WINDOWS\System32\GDI32.dll
0x00007fff1fe90000 - 0x00007fff1ffab000 	C:\WINDOWS\System32\gdi32full.dll
0x00007fff1f700000 - 0x00007fff1f79a000 	C:\WINDOWS\System32\msvcp_win.dll
0x00007fff035b0000 - 0x00007fff035ce000 	c:\Users\KRISHNANSOURAV\.vscode\extensions\redhat.java-1.53.0-win32-x64\jre\21.0.10-win32-x86_64\bin\VCRUNTIME140.dll
0x00007fff07360000 - 0x00007fff075fc000 	C:\WINDOWS\WinSxS\amd64_microsoft.windows.common-controls_6595b64144ccf1df_6.0.22621.6060_none_2712eda17382d24b\COMCTL32.dll
0x00007fff22220000 - 0x00007fff222c7000 	C:\WINDOWS\System32\msvcrt.dll
0x00007fff21dc0000 - 0x00007fff21df1000 	C:\WINDOWS\System32\IMM32.DLL
0x00007fff15350000 - 0x00007fff1535c000 	c:\Users\KRISHNANSOURAV\.vscode\extensions\redhat.java-1.53.0-win32-x64\jre\21.0.10-win32-x86_64\bin\vcruntime140_1.dll
0x00007ffee7730000 - 0x00007ffee77bd000 	c:\Users\KRISHNANSOURAV\.vscode\extensions\redhat.java-1.53.0-win32-x64\jre\21.0.10-win32-x86_64\bin\msvcp140.dll
0x00007ffec2de0000 - 0x00007ffec3b81000 	c:\Users\KRISHNANSOURAV\.vscode\extensions\redhat.java-1.53.0-win32-x64\jre\21.0.10-win32-x86_64\bin\server\jvm.dll
0x00007fff20c60000 - 0x00007fff20d11000 	C:\WINDOWS\System32\ADVAPI32.dll
0x00007fff20ba0000 - 0x00007fff20c48000 	C:\WINDOWS\System32\sechost.dll
0x00007fff1f4e0000 - 0x00007fff1f508000 	C:\WINDOWS\System32\bcrypt.dll
0x00007fff21990000 - 0x00007fff21aa8000 	C:\WINDOWS\System32\RPCRT4.dll
0x00007fff21220000 - 0x00007fff21291000 	C:\WINDOWS\System32\WS2_32.dll
0x00007fff1e270000 - 0x00007fff1e2bd000 	C:\WINDOWS\SYSTEM32\POWRPROF.dll
0x00007fff1ce80000 - 0x00007fff1ceb4000 	C:\WINDOWS\SYSTEM32\WINMM.dll
0x00007fff1a960000 - 0x00007fff1a96a000 	C:\WINDOWS\SYSTEM32\VERSION.dll
0x00007fff1e250000 - 0x00007fff1e263000 	C:\WINDOWS\SYSTEM32\UMPDC.dll
0x00007fff1e4f0000 - 0x00007fff1e508000 	C:\WINDOWS\SYSTEM32\kernel.appcore.dll
0x00007fff07160000 - 0x00007fff0716a000 	c:\Users\KRISHNANSOURAV\.vscode\extensions\redhat.java-1.53.0-win32-x64\jre\21.0.10-win32-x86_64\bin\jimage.dll
0x00007fff1cc00000 - 0x00007fff1ce33000 	C:\WINDOWS\SYSTEM32\DBGHELP.DLL
0x00007fff212a0000 - 0x00007fff21631000 	C:\WINDOWS\System32\combase.dll
0x00007fff21860000 - 0x00007fff21938000 	C:\WINDOWS\System32\OLEAUT32.dll
0x00007fff1ce40000 - 0x00007fff1ce72000 	C:\WINDOWS\SYSTEM32\dbgcore.DLL
0x00007fff1fbb0000 - 0x00007fff1fc2b000 	C:\WINDOWS\System32\bcryptPrimitives.dll
0x00007fff07130000 - 0x00007fff0713f000 	c:\Users\KRISHNANSOURAV\.vscode\extensions\redhat.java-1.53.0-win32-x64\jre\21.0.10-win32-x86_64\bin\instrument.dll
0x00007fff03590000 - 0x00007fff035b0000 	c:\Users\KRISHNANSOURAV\.vscode\extensions\redhat.java-1.53.0-win32-x64\jre\21.0.10-win32-x86_64\bin\java.dll
0x00007fff200c0000 - 0x00007fff2095c000 	C:\WINDOWS\System32\SHELL32.dll
0x00007fff1fc30000 - 0x00007fff1fd6f000 	C:\WINDOWS\System32\wintypes.dll
0x00007fff1d2f0000 - 0x00007fff1dc0a000 	C:\WINDOWS\SYSTEM32\windows.storage.dll
0x00007fff20a90000 - 0x00007fff20b94000 	C:\WINDOWS\System32\SHCORE.dll
0x00007fff209f0000 - 0x00007fff20a59000 	C:\WINDOWS\System32\shlwapi.dll
0x00007fff1f350000 - 0x00007fff1f375000 	C:\WINDOWS\SYSTEM32\profapi.dll
0x00007ffefd610000 - 0x00007ffefd628000 	c:\Users\KRISHNANSOURAV\.vscode\extensions\redhat.java-1.53.0-win32-x64\jre\21.0.10-win32-x86_64\bin\zip.dll
0x00007fff06b20000 - 0x00007fff06b30000 	C:\Users\KRISHNANSOURAV\.vscode\extensions\redhat.java-1.53.0-win32-x64\jre\21.0.10-win32-x86_64\bin\net.dll
0x00007fff1b740000 - 0x00007fff1b86c000 	C:\WINDOWS\SYSTEM32\WINHTTP.dll
0x00007fff1e9d0000 - 0x00007fff1ea39000 	C:\WINDOWS\system32\mswsock.dll
0x00007ffef4e70000 - 0x00007ffef4e86000 	C:\Users\KRISHNANSOURAV\.vscode\extensions\redhat.java-1.53.0-win32-x64\jre\21.0.10-win32-x86_64\bin\nio.dll
0x00007fff05c10000 - 0x00007fff05c20000 	c:\Users\KRISHNANSOURAV\.vscode\extensions\redhat.java-1.53.0-win32-x64\jre\21.0.10-win32-x86_64\bin\verify.dll
0x00007ffedd8c0000 - 0x00007ffedd905000 	C:\Users\KRISHNANSOURAV\AppData\Roaming\Code\User\globalStorage\redhat.java\1.53.0\config_win\org.eclipse.equinox.launcher\org.eclipse.equinox.launcher.win32.win32.x86_64_1.3.0.v20260203-2149\eclipse_11919.dll
0x00007fff21c10000 - 0x00007fff21db1000 	C:\WINDOWS\System32\ole32.dll
0x00007fff04cd0000 - 0x00007fff04cda000 	C:\Users\KRISHNANSOURAV\.vscode\extensions\redhat.java-1.53.0-win32-x64\jre\21.0.10-win32-x86_64\bin\management.dll
0x00007fff04c40000 - 0x00007fff04c4c000 	C:\Users\KRISHNANSOURAV\.vscode\extensions\redhat.java-1.53.0-win32-x64\jre\21.0.10-win32-x86_64\bin\management_ext.dll
0x00007fff20a80000 - 0x00007fff20a88000 	C:\WINDOWS\System32\PSAPI.DLL
0x00007fff1ec30000 - 0x00007fff1ec4b000 	C:\WINDOWS\SYSTEM32\CRYPTSP.dll
0x00007fff1e450000 - 0x00007fff1e487000 	C:\WINDOWS\system32\rsaenh.dll
0x00007fff1eac0000 - 0x00007fff1eae8000 	C:\WINDOWS\SYSTEM32\USERENV.dll
0x00007fff1ec20000 - 0x00007fff1ec2c000 	C:\WINDOWS\SYSTEM32\CRYPTBASE.dll
0x00007fff1df20000 - 0x00007fff1df4d000 	C:\WINDOWS\SYSTEM32\IPHLPAPI.DLL
0x00007fff21800000 - 0x00007fff21809000 	C:\WINDOWS\System32\NSI.dll
0x00007ffedf000000 - 0x00007ffedf049000 	D:\Temp\jna--71846670\jna11246326945845150974.dll
0x00007fff1a970000 - 0x00007fff1a989000 	C:\WINDOWS\SYSTEM32\dhcpcsvc6.DLL
0x00007fff1a930000 - 0x00007fff1a94f000 	C:\WINDOWS\SYSTEM32\dhcpcsvc.DLL
0x00007fff05d70000 - 0x00007fff05d7e000 	C:\Users\KRISHNANSOURAV\.vscode\extensions\redhat.java-1.53.0-win32-x64\jre\21.0.10-win32-x86_64\bin\sunmscapi.dll
0x00007fff1f510000 - 0x00007fff1f678000 	C:\WINDOWS\System32\CRYPT32.dll
0x00007fff1ede0000 - 0x00007fff1ee0e000 	C:\WINDOWS\SYSTEM32\ncrypt.dll
0x00007fff1eda0000 - 0x00007fff1edd7000 	C:\WINDOWS\SYSTEM32\NTASN1.dll
0x00007fff1df50000 - 0x00007fff1e048000 	C:\WINDOWS\SYSTEM32\DNSAPI.dll
0x00007fff18490000 - 0x00007fff1849a000 	C:\Windows\System32\rasadhlp.dll
0x00007fff1a3b0000 - 0x00007fff1a434000 	C:\WINDOWS\System32\fwpuclnt.dll
0x00007fff048c0000 - 0x00007fff048c9000 	C:\Users\KRISHNANSOURAV\.vscode\extensions\redhat.java-1.53.0-win32-x64\jre\21.0.10-win32-x86_64\bin\extnet.dll

JVMTI agents:
c:\Users\KRISHNANSOURAV\.vscode\extensions\redhat.java-1.53.0-win32-x64\lombok\lombok-1.18.39-4050.jar path:c:\Users\KRISHNANSOURAV\.vscode\extensions\redhat.java-1.53.0-win32-x64\jre\21.0.10-win32-x86_64\bin\instrument.dll, loaded, initialized, instrumentlib options:none

dbghelp: loaded successfully - version: 4.0.5 - missing functions: none
symbol engine: initialized successfully - sym options: 0x614 - pdb path: .;c:\Users\KRISHNANSOURAV\.vscode\extensions\redhat.java-1.53.0-win32-x64\jre\21.0.10-win32-x86_64\bin;C:\WINDOWS\SYSTEM32;C:\WINDOWS\WinSxS\amd64_microsoft.windows.common-controls_6595b64144ccf1df_6.0.22621.6060_none_2712eda17382d24b;c:\Users\KRISHNANSOURAV\.vscode\extensions\redhat.java-1.53.0-win32-x64\jre\21.0.10-win32-x86_64\bin\server;C:\Users\KRISHNANSOURAV\AppData\Roaming\Code\User\globalStorage\redhat.java\1.53.0\config_win\org.eclipse.equinox.launcher\org.eclipse.equinox.launcher.win32.win32.x86_64_1.3.0.v20260203-2149;D:\Temp\jna--71846670

VM Arguments:
jvm_args: --add-modules=ALL-SYSTEM --add-opens=java.base/java.util=ALL-UNNAMED --add-opens=java.base/java.lang=ALL-UNNAMED --add-opens=java.base/sun.nio.fs=ALL-UNNAMED -Declipse.application=org.eclipse.jdt.ls.core.id1 -Dosgi.bundles.defaultStartLevel=4 -Declipse.product=org.eclipse.jdt.ls.core.product -Djava.import.generatesMetadataFilesAtProjectRoot=false -DDetectVMInstallationsJob.disabled=true -Dfile.encoding=utf8 -XX:+UseParallelGC -XX:GCTimeRatio=4 -XX:AdaptiveSizePolicyWeight=90 -Dsun.zip.disableMemoryMapping=true -Xmx2G -Xms100m -Xlog:disable -javaagent:c:\Users\KRISHNANSOURAV\.vscode\extensions\redhat.java-1.53.0-win32-x64\lombok\lombok-1.18.39-4050.jar -XX:+HeapDumpOnOutOfMemoryError -XX:HeapDumpPath=c:\Users\KRISHNANSOURAV\AppData\Roaming\Code\User\workspaceStorage\89b753384e85d9c2d79fc08adb9a8074\redhat.java -Daether.dependencyCollector.impl=bf 
java_command: c:\Users\KRISHNANSOURAV\.vscode\extensions\redhat.java-1.53.0-win32-x64\server\plugins\org.eclipse.equinox.launcher_1.7.100.v20251111-0406.jar -configuration c:\Users\KRISHNANSOURAV\AppData\Roaming\Code\User\globalStorage\redhat.java\1.53.0\config_win -data c:\Users\KRISHNANSOURAV\AppData\Roaming\Code\User\workspaceStorage\89b753384e85d9c2d79fc08adb9a8074\redhat.java\jdt_ws --pipe=\\.\pipe\lsp-e53aff1c18f62f57ea56841898dfc86d-sock
java_class_path (initial): c:\Users\KRISHNANSOURAV\.vscode\extensions\redhat.java-1.53.0-win32-x64\server\plugins\org.eclipse.equinox.launcher_1.7.100.v20251111-0406.jar
Launcher Type: SUN_STANDARD

[Global flags]
    uintx AdaptiveSizePolicyWeight                 = 90                                        {product} {command line}
     intx CICompilerCount                          = 4                                         {product} {ergonomic}
    uintx GCTimeRatio                              = 4                                         {product} {command line}
     bool HeapDumpOnOutOfMemoryError               = true                                   {manageable} {command line}
    ccstr HeapDumpPath                             = c:\Users\KRISHNANSOURAV\AppData\Roaming\Code\User\workspaceStorage\89b753384e85d9c2d79fc08adb9a8074\redhat.java         {manageable} {command line}
   size_t InitialHeapSize                          = 104857600                                 {product} {command line}
   size_t MaxHeapSize                              = 2147483648                                {product} {command line}
   size_t MaxNewSize                               = 715653120                                 {product} {ergonomic}
   size_t MinHeapDeltaBytes                        = 524288                                    {product} {ergonomic}
   size_t MinHeapSize                              = 104857600                                 {product} {command line}
   size_t NewSize                                  = 34603008                                  {product} {ergonomic}
    uintx NonNMethodCodeHeapSize                   = 5839372                                {pd product} {ergonomic}
    uintx NonProfiledCodeHeapSize                  = 122909434                              {pd product} {ergonomic}
   size_t OldSize                                  = 70254592                                  {product} {ergonomic}
    uintx ProfiledCodeHeapSize                     = 122909434                              {pd product} {ergonomic}
    uintx ReservedCodeCacheSize                    = 251658240                              {pd product} {ergonomic}
     bool SegmentedCodeCache                       = true                                      {product} {ergonomic}
   size_t SoftMaxHeapSize                          = 2147483648                             {manageable} {ergonomic}
     bool UseCompressedOops                        = true                           {product lp64_product} {ergonomic}
     bool UseLargePagesIndividualAllocation        = false                                  {pd product} {ergonomic}
     bool UseParallelGC                            = true                                      {product} {command line}

Logging:
Log output configuration:
 #0: stdout all=off uptime,level,tags foldmultilines=false
 #1: stderr all=off uptime,level,tags foldmultilines=false

Release file:
JAVA_VERSION="21.0.10" 
MODULES="java.base java.compiler java.datatransfer java.xml java.prefs java.desktop java.instrument java.logging java.management java.security.sasl java.naming java.rmi java.management.rmi java.net.http java.scripting java.security.jgss java.transaction.xa java.sql java.sql.rowset java.xml.crypto java.se java.smartcardio jdk.accessibility jdk.internal.jvmstat jdk.attach jdk.charsets jdk.internal.opt jdk.zipfs jdk.compiler jdk.crypto.ec jdk.crypto.cryptoki jdk.crypto.mscapi jdk.dynalink jdk.internal.ed jdk.editpad jdk.hotspot.agent jdk.httpserver jdk.internal.le jdk.internal.vm.ci jdk.internal.vm.compiler jdk.internal.vm.compiler.management jdk.jartool jdk.javadoc jdk.jcmd jdk.management jdk.management.agent jdk.jconsole jdk.jdeps jdk.jdwp.agent jdk.jdi jdk.jfr jdk.jshell jdk.jsobject jdk.jstatd jdk.localedata jdk.management.jfr jdk.naming.dns jdk.naming.rmi jdk.net jdk.nio.mapmode jdk.random jdk.sctp jdk.security.auth jdk.security.jgss jdk.unsupported jdk.unsupported.desktop jdk.xml.dom" 

Environment Variables:
PATH=D:\Vmware\bin\;C:\Program Files\Eclipse Adoptium\jdk-25.0.1.8-hotspot\bin;C:\WINDOWS\system32;C:\WINDOWS;C:\WINDOWS\System32\Wbem;C:\WINDOWS\System32\WindowsPowerShell\v1.0\;C:\WINDOWS\System32\OpenSSH\;C:\Program Files\Git\cmd;C:\Program Files\nodejs\;C:\Program Files\Apache\Maven\apache-maven-3.9.11\bin;D:\Rust\.cargo\bin;C:\Program Files\PuTTY\;C:\Snort\bin;C:\Program Files\Cloudflare\Cloudflare WARP\;C:\Program Files\Common Files\Oracle\Java\javapath;C:\WINDOWS\system32;C:\WINDOWS;C:\WINDOWS\System32\Wbem;C:\WINDOWS\System32\WindowsPowerShell\v1.0\;C:\WINDOWS\System32\OpenSSH\;C:\Program Files\Git\cmd;C:\Program Files\nodejs\;C:\Program Files\Apache\Maven\apache-maven-3.9.11\bin;C:\Users\KRISHNANSOURAV\.cargo\bin;C:\Users\KRISHNANSOURAV\.cargo\bin;C:\Users\KRISHNANSOURAV\AppData\Local\Microsoft\WindowsApps;C:\Users\KRISHNANSOURAV\AppData\Local\Programs\Microsoft VS Code\bin;C:\Users\KRISHNANSOURAV\Downloads\flutter_windows_2.10.2-stable.zip;C:\flutter\bin;D:\flutter\bin;C:\Program Files\sfdx\bin;C:\Users\KRISHNANSOURAV\AppData\Roaming\npm;C:\Program Files\PostgreSQL\16\bin;D:\Rust\.cargo\bin;C:\Users\KRISHNANSOURAV\AppData\Local\Python\bin
USERNAME=KRISHNANSOURAV
OS=Windows_NT
PROCESSOR_IDENTIFIER=Intel64 Family 6 Model 140 Stepping 1, GenuineIntel
TMP=D:\Temp
TEMP=D:\Temp




Periodic native trim disabled

---------------  S Y S T E M  ---------------

OS:
 Windows 11 , 64 bit Build 22621 (10.0.22621.5415)
OS uptime: 5 days 4:42 hours
Hyper-V role detected

CPU: total 8 (initial active 8) (4 cores per cpu, 2 threads per core) family 6 model 140 stepping 1 microcode 0xb8, cx8, cmov, fxsr, ht, mmx, 3dnowpref, sse, sse2, sse3, ssse3, sse4.1, sse4.2, popcnt, lzcnt, tsc, tscinvbit, avx, avx2, aes, erms, clmul, bmi1, bmi2, adx, avx512f, avx512dq, avx512cd, avx512bw, avx512vl, sha, fma, vzeroupper, avx512_vpopcntdq, avx512_vpclmulqdq, avx512_vaes, avx512_vnni, clflush, clflushopt, clwb, avx512_vbmi2, avx512_vbmi, hv, rdtscp, rdpid, fsrm, gfni, avx512_bitalg, f16c, cet_ibt, cet_ss, avx512_ifma
Processor Information for processor 0
  Max Mhz: 1690, Current Mhz: 1690, Mhz Limit: 1690
Processor Information for processor 1
  Max Mhz: 1690, Current Mhz: 1690, Mhz Limit: 1690
Processor Information for processor 2
  Max Mhz: 1690, Current Mhz: 1690, Mhz Limit: 1690
Processor Information for processor 3
  Max Mhz: 1690, Current Mhz: 1690, Mhz Limit: 1690
Processor Information for processor 4
  Max Mhz: 1690, Current Mhz: 1192, Mhz Limit: 1690
Processor Information for processor 5
  Max Mhz: 1690, Current Mhz: 1690, Mhz Limit: 1690
Processor Information for processor 6
  Max Mhz: 1690, Current Mhz: 1192, Mhz Limit: 1690
Processor Information for processor 7
  Max Mhz: 1690, Current Mhz: 1690, Mhz Limit: 1690

Memory: 4k page, system-wide physical 16106M (2064M free)
TotalPageFile size 18480M (AvailPageFile size 1M)
current process WorkingSet (physical memory assigned to process): 1097M, peak: 1796M
current process commit charge ("private bytes"): 1072M, peak: 1772M

vm_info: OpenJDK 64-Bit Server VM (21.0.10+7-LTS) for windows-amd64 JRE (21.0.10+7-LTS), built on 2026-01-20T00:00:00Z by "admin" with MS VC++ 17.12 (VS2022)

END.
